<?xml version="1.0" encoding="UTF-8"?>
<!-- Generated by org.testng.reporters.JUnitXMLReporter -->
<testsuite ignored="0" hostname="DamnBoyVictus16" failures="1" tests="3" name="Default test" time="246.435" errors="0" timestamp="2026-04-12T22:55:26 ICT">
  <testcase classname="tests.QuanLyHocVienTest" name="@AfterTest afterTest" time="0.238">
    <failure type="org.openqa.selenium.remote.UnreachableBrowserException" message="Error communicating with the remote browser. It may have died.
Build info: version: &amp;apos;3.5.3&amp;apos;, revision: &amp;apos;a88d25fe6b&amp;apos;, time: &amp;apos;2017-08-29T12:54:15.039Z&amp;apos;
System info: host: &amp;apos;DAMNBOYVICTUS16&amp;apos;, ip: &amp;apos;26.146.13.55&amp;apos;, os.name: &amp;apos;Windows 11&amp;apos;, os.arch: &amp;apos;amd64&amp;apos;, os.version: &amp;apos;10.0&amp;apos;, java.version: &amp;apos;22&amp;apos;
Driver info: driver.version: RemoteWebDriver
Capabilities [{networkConnectionEnabled=false, chrome={chromedriverVersion=145.0.7632.160 (662e0d7961bd91ebe77fe6c52f369e45647af51c-refs/branch-heads/7632@{#3674}), userDataDir=C:\Users\VICTUS\AppData\Local\Temp\scoped_dir26660_1810013812}, timeouts={implicit=0, pageLoad=300000, script=30000}, goog:processID=24260, pageLoadStrategy=normal, unhandledPromptBehavior=dismiss and notify, strictFileInteractability=false, platform=XP, proxy=Proxy(), webauthn:extension:minPinLength=true, goog:chromeOptions={debuggerAddress=localhost:54290}, webauthn:extension:credBlob=true, webauthn:extension:prf=true, acceptInsecureCerts=false, browserVersion=146.0.7680.178, fedcm:accounts=true, browserName=chrome, javascriptEnabled=true, platformName=XP, setWindowRect=true, webauthn:extension:largeBlob=true, webauthn:virtualAuthenticators=true}]
Session ID: eb46d3209f010ab494d53a94c6e732d5">
      <![CDATA[org.openqa.selenium.remote.UnreachableBrowserException: Error communicating with the remote browser. It may have died.
Build info: version: '3.5.3', revision: 'a88d25fe6b', time: '2017-08-29T12:54:15.039Z'
System info: host: 'DAMNBOYVICTUS16', ip: '26.146.13.55', os.name: 'Windows 11', os.arch: 'amd64', os.version: '10.0', java.version: '22'
Driver info: driver.version: RemoteWebDriver
Capabilities [{networkConnectionEnabled=false, chrome={chromedriverVersion=145.0.7632.160 (662e0d7961bd91ebe77fe6c52f369e45647af51c-refs/branch-heads/7632@{#3674}), userDataDir=C:\Users\VICTUS\AppData\Local\Temp\scoped_dir26660_1810013812}, timeouts={implicit=0, pageLoad=300000, script=30000}, goog:processID=24260, pageLoadStrategy=normal, unhandledPromptBehavior=dismiss and notify, strictFileInteractability=false, platform=XP, proxy=Proxy(), webauthn:extension:minPinLength=true, goog:chromeOptions={debuggerAddress=localhost:54290}, webauthn:extension:credBlob=true, webauthn:extension:prf=true, acceptInsecureCerts=false, browserVersion=146.0.7680.178, fedcm:accounts=true, browserName=chrome, javascriptEnabled=true, platformName=XP, setWindowRect=true, webauthn:extension:largeBlob=true, webauthn:virtualAuthenticators=true}]
Session ID: eb46d3209f010ab494d53a94c6e732d5
at org.openqa.selenium.remote.RemoteWebDriver.execute(RemoteWebDriver.java:667)
at org.openqa.selenium.remote.RemoteWebDriver.execute(RemoteWebDriver.java:703)
at org.openqa.selenium.remote.RemoteWebDriver.quit(RemoteWebDriver.java:542)
at tests.QuanLyHocVienTest.afterTest(QuanLyHocVienTest.java:131)
at java.base/jdk.internal.reflect.DirectMethodHandleAccessor.invoke(DirectMethodHandleAccessor.java:103)
at java.base/java.lang.reflect.Method.invoke(Method.java:580)
at org.testng.internal.invokers.MethodInvocationHelper.invokeMethod(MethodInvocationHelper.java:141)
at org.testng.internal.invokers.MethodInvocationHelper.invokeMethodConsideringTimeout(MethodInvocationHelper.java:71)
at org.testng.internal.invokers.ConfigInvoker.invokeConfigurationMethod(ConfigInvoker.java:400)
at org.testng.internal.invokers.ConfigInvoker.invokeConfigurations(ConfigInvoker.java:333)
at org.testng.TestRunner.invokeTestConfigurations(TestRunner.java:657)
at org.testng.TestRunner.afterRun(TestRunner.java:845)
at org.testng.TestRunner.run(TestRunner.java:618)
at org.testng.SuiteRunner.runTest(SuiteRunner.java:421)
at org.testng.SuiteRunner.runSequentially(SuiteRunner.java:413)
at org.testng.SuiteRunner.privateRun(SuiteRunner.java:373)
at org.testng.SuiteRunner.run(SuiteRunner.java:312)
at org.testng.SuiteRunnerWorker.runSuite(SuiteRunnerWorker.java:52)
at org.testng.SuiteRunnerWorker.run(SuiteRunnerWorker.java:95)
at org.testng.TestNG.runSuitesSequentially(TestNG.java:1274)
at org.testng.TestNG.runSuitesLocally(TestNG.java:1208)
at org.testng.TestNG.runSuites(TestNG.java:1112)
at org.testng.TestNG.run(TestNG.java:1079)
at org.testng.remote.AbstractRemoteTestNG.run(AbstractRemoteTestNG.java:115)
at org.testng.remote.RemoteTestNG.initAndRun(RemoteTestNG.java:293)
at org.testng.remote.RemoteTestNG.main(RemoteTestNG.java:91)
Caused by: java.lang.RuntimeException: Process refused to die after 10 seconds, and couldn't taskkill it: Couldn't detect pid
at org.openqa.selenium.os.ProcessUtils.killWinProcess(ProcessUtils.java:133)
at org.openqa.selenium.os.ProcessUtils.killProcess(ProcessUtils.java:81)
at org.openqa.selenium.os.UnixProcess$SeleniumWatchDog.destroyHarder(UnixProcess.java:265)
at org.openqa.selenium.os.UnixProcess$SeleniumWatchDog.access$200(UnixProcess.java:219)
at org.openqa.selenium.os.UnixProcess.destroy(UnixProcess.java:127)
at org.openqa.selenium.os.CommandLine.destroy(CommandLine.java:153)
at org.openqa.selenium.remote.service.DriverService.stop(DriverService.java:220)
at org.openqa.selenium.remote.service.DriverCommandExecutor.execute(DriverCommandExecutor.java:94)
at org.openqa.selenium.remote.RemoteWebDriver.execute(RemoteWebDriver.java:646)
... 25 more
Caused by: java.lang.RuntimeException: Couldn't detect pid
at org.openqa.selenium.os.ProcessUtils.getProcessId(ProcessUtils.java:195)
at org.openqa.selenium.os.ProcessUtils.killWinProcess(ProcessUtils.java:128)
... 33 more
Caused by: java.lang.reflect.InaccessibleObjectException: Unable to make field private final long java.lang.ProcessImpl.handle accessible: module java.base does not "opens java.lang" to unnamed module @32a1bec0
at java.base/java.lang.reflect.AccessibleObject.throwInaccessibleObjectException(AccessibleObject.java:388)
at java.base/java.lang.reflect.AccessibleObject.checkCanSetAccessible(AccessibleObject.java:364)
at java.base/java.lang.reflect.AccessibleObject.checkCanSetAccessible(AccessibleObject.java:312)
at java.base/java.lang.reflect.Field.checkCanSetAccessible(Field.java:183)
at java.base/java.lang.reflect.Field.setAccessible(Field.java:177)
at org.openqa.selenium.os.ProcessUtils.getProcessId(ProcessUtils.java:181)
... 34 more
]]>
    </failure>
  </testcase> <!-- @AfterTest afterTest -->
  <testcase classname="tests.QuanLyHocVienTest" name="Them_Moi_Hoc_Vien" time="37.486"/>
  <testcase classname="tests.QuanLyHocVienTest" name="Sua_Hang_Loat" time="91.69"/>
  <testcase classname="tests.QuanLyHocVienTest" name="Xoa_Hang_Loat" time="111.471">
    <failure type="java.lang.AssertionError" message="Có lỗi ở bước Xóa. Check file Word! expected [true] but found [false]">
      <![CDATA[java.lang.AssertionError: Có lỗi ở bước Xóa. Check file Word! expected [true] but found [false]
at org.testng.Assert.fail(Assert.java:111)
at org.testng.Assert.failNotEquals(Assert.java:1590)
at org.testng.Assert.assertTrue(Assert.java:57)
at tests.QuanLyHocVienTest.Xoa_Hang_Loat(QuanLyHocVienTest.java:125)
at java.base/jdk.internal.reflect.DirectMethodHandleAccessor.invoke(DirectMethodHandleAccessor.java:103)
at java.base/java.lang.reflect.Method.invoke(Method.java:580)
at org.testng.internal.invokers.MethodInvocationHelper.invokeMethod(MethodInvocationHelper.java:141)
at org.testng.internal.invokers.TestInvoker.invokeMethod(TestInvoker.java:687)
at org.testng.internal.invokers.TestInvoker.invokeTestMethod(TestInvoker.java:230)
at org.testng.internal.invokers.MethodRunner.runInSequence(MethodRunner.java:63)
at org.testng.internal.invokers.TestInvoker$MethodInvocationAgent.invoke(TestInvoker.java:995)
at org.testng.internal.invokers.TestInvoker.invokeTestMethods(TestInvoker.java:203)
at org.testng.internal.invokers.TestMethodWorker.invokeTestMethods(TestMethodWorker.java:154)
at org.testng.internal.invokers.TestMethodWorker.run(TestMethodWorker.java:134)
at java.base/java.util.ArrayList.forEach(ArrayList.java:1597)
at org.testng.TestRunner.privateRun(TestRunner.java:741)
at org.testng.TestRunner.run(TestRunner.java:616)
at org.testng.SuiteRunner.runTest(SuiteRunner.java:421)
at org.testng.SuiteRunner.runSequentially(SuiteRunner.java:413)
at org.testng.SuiteRunner.privateRun(SuiteRunner.java:373)
at org.testng.SuiteRunner.run(SuiteRunner.java:312)
at org.testng.SuiteRunnerWorker.runSuite(SuiteRunnerWorker.java:52)
at org.testng.SuiteRunnerWorker.run(SuiteRunnerWorker.java:95)
at org.testng.TestNG.runSuitesSequentially(TestNG.java:1274)
at org.testng.TestNG.runSuitesLocally(TestNG.java:1208)
at org.testng.TestNG.runSuites(TestNG.java:1112)
at org.testng.TestNG.run(TestNG.java:1079)
at org.testng.remote.AbstractRemoteTestNG.run(AbstractRemoteTestNG.java:115)
at org.testng.remote.RemoteTestNG.initAndRun(RemoteTestNG.java:293)
at org.testng.remote.RemoteTestNG.main(RemoteTestNG.java:91)
]]>
    </failure>
  </testcase> <!-- Xoa_Hang_Loat -->
</testsuite> <!-- Default test -->
